10:27:48 INFO  : Launching XSCT server: xsct -n  -interactive /home/atharva/Work/ece544_function_generator/vitis_workspace/temp_xsdb_launch_script.tcl
10:27:49 INFO  : Registering command handlers for Vitis TCF services
10:27:52 INFO  : XSCT server has started successfully.
10:27:53 INFO  : Platform repository initialization has completed.
10:27:53 INFO  : plnx-install-location is set to ''
10:27:53 INFO  : Successfully done query RDI_DATADIR 
10:27:53 INFO  : Successfully done setting XSCT server connection channel  
10:27:53 INFO  : Successfully done setting workspace for the tool. 
10:29:49 INFO  : Result from executing command 'getProjects': function_gen_platform
10:29:49 INFO  : Result from executing command 'getPlatforms': 
10:30:03 INFO  : Result from executing command 'getProjects': function_gen_platform
10:30:03 INFO  : Result from executing command 'getPlatforms': function_gen_platform|/home/atharva/Work/ece544_function_generator/vitis_workspace/function_gen_platform/export/function_gen_platform/function_gen_platform.xpfm
11:03:15 INFO  : Checking for BSP changes to sync application flags for project 'function_gen_app'...
11:07:07 INFO  : Checking for BSP changes to sync application flags for project 'function_gen_app'...
11:07:23 INFO  : Connected to target on host '127.0.0.1' and port '3121'.
11:07:38 INFO  : Bit file '/home/atharva/Work/ece544_function_generator/vitis_workspace/function_gen_app/_ide/bitstream/download.bit' is generated.
11:07:38 INFO  : Connected to target on host '127.0.0.1' and port '3121'.
11:07:38 INFO  : 'targets -set -filter {jtag_cable_name =~ "Digilent Nexys A7 -100T 210292B306F4A" && level==0 && jtag_device_ctx=="jsn-Nexys A7 -100T-210292B306F4A-13631093-0"}' command is executed.
11:07:41 INFO  : Device configured successfully with "/home/atharva/Work/ece544_function_generator/vitis_workspace/function_gen_app/_ide/bitstream/download.bit"
11:07:54 INFO  : Connected to target on host '127.0.0.1' and port '3121'.
11:07:54 INFO  : Jtag cable 'Digilent Nexys A7 -100T 210292B306F4A' is selected.
11:07:54 INFO  : 'jtag frequency' command is executed.
11:07:54 INFO  : 'targets -set -filter {jtag_cable_name =~ "Digilent Nexys A7 -100T 210292B306F4A" && level==0 && jtag_device_ctx=="jsn-Nexys A7 -100T-210292B306F4A-13631093-0"}' command is executed.
11:07:56 INFO  : Device configured successfully with "/home/atharva/Work/ece544_function_generator/vitis_workspace/function_gen_app/_ide/bitstream/download.bit"
11:07:57 INFO  : Context for processor 'microblaze_0' is selected.
11:07:57 INFO  : Hardware design and registers information is loaded from '/home/atharva/Work/ece544_function_generator/vitis_workspace/function_gen_platform/export/function_gen_platform/hw/nexysA7fpga.xsa'.
11:07:57 INFO  : 'configparams mdm-detect-bscan-mask 2' command is executed.
11:07:57 INFO  : Context for processor 'microblaze_0' is selected.
11:07:57 INFO  : System reset is completed.
11:08:00 INFO  : 'after 3000' command is executed.
11:08:00 INFO  : Context for processor 'microblaze_0' is selected.
11:08:00 INFO  : The application '/home/atharva/Work/ece544_function_generator/vitis_workspace/function_gen_app/Debug/function_gen_app.elf' is downloaded to processor 'microblaze_0'.
11:08:00 INFO  : ----------------XSDB Script----------------
connect -url tcp:127.0.0.1:3121
targets -set -filter {jtag_cable_name =~ "Digilent Nexys A7 -100T 210292B306F4A" && level==0 && jtag_device_ctx=="jsn-Nexys A7 -100T-210292B306F4A-13631093-0"}
fpga -file /home/atharva/Work/ece544_function_generator/vitis_workspace/function_gen_app/_ide/bitstream/download.bit
targets -set -nocase -filter {name =~ "*microblaze*#0" && bscan=="USER2" }
loadhw -hw /home/atharva/Work/ece544_function_generator/vitis_workspace/function_gen_platform/export/function_gen_platform/hw/nexysA7fpga.xsa -regs
configparams mdm-detect-bscan-mask 2
targets -set -nocase -filter {name =~ "*microblaze*#0" && bscan=="USER2" }
rst -system
after 3000
targets -set -nocase -filter {name =~ "*microblaze*#0" && bscan=="USER2" }
dow /home/atharva/Work/ece544_function_generator/vitis_workspace/function_gen_app/Debug/function_gen_app.elf
----------------End of Script----------------

11:08:00 INFO  : Context for processor 'microblaze_0' is selected.
11:08:00 INFO  : 'con' command is executed.
11:08:00 INFO  : ----------------XSDB Script (After Launch)----------------
targets -set -nocase -filter {name =~ "*microblaze*#0" && bscan=="USER2" }
con
----------------End of Script----------------

11:08:00 INFO  : Launch script is exported to file '/home/atharva/Work/ece544_function_generator/vitis_workspace/function_gen_app_system/_ide/scripts/systemdebugger_function_gen_app_system_standalone.tcl'
11:18:35 INFO  : Checking for BSP changes to sync application flags for project 'function_gen_app'...
